<?xml version="1.0" encoding="UTF-8"?>
<!-- Generated by org.testng.reporters.JUnitXMLReporter -->
<testsuite hostname="SLAP162" ignored="0" name="Default test" tests="6" failures="0" timestamp="05 Mar 2019 06:22:50 GMT" time="43.47" errors="0">
  <testcase name="TC_001_signUpFunctionality" time="1.505" classname="org.DataDrivenAutomation.testcases.TC_001_validateSignUPFunctionalityTest"/>
  <testcase name="TC_001_signUpFunctionality" time="1.367" classname="org.DataDrivenAutomation.testcases.TC_001_validateSignUPFunctionalityTest"/>
  <testcase name="TC_001_loginFunctionality" time="0.316" classname="org.DataDrivenAutomation.testcases.TC_001_validateLoginFunctionalityTest"/>
  <testcase name="TC_001_loginFunctionality" time="0.387" classname="org.DataDrivenAutomation.testcases.TC_001_validateLoginFunctionalityTest"/>
  <testcase name="TC_001_loginFunctionality" time="0.451" classname="org.DataDrivenAutomation.testcases.TC_001_validateLoginFunctionalityTest"/>
  <testcase name="TC_001_loginFunctionality" time="0.273" classname="org.DataDrivenAutomation.testcases.TC_001_validateLoginFunctionalityTest"/>
</testsuite> <!-- Default test -->
