<?xml version="1.0" encoding="UTF-8"?>
<testng-results skipped="0" failed="0" ignored="0" total="6" passed="6">
  <reporter-output>
  </reporter-output>
  <suite name="Default suite" duration-ms="43470" started-at="2019-03-05T06:22:06Z" finished-at="2019-03-05T06:22:50Z">
    <groups>
    </groups>
    <test name="Default test" duration-ms="43470" started-at="2019-03-05T06:22:06Z" finished-at="2019-03-05T06:22:50Z">
      <class name="org.DataDrivenAutomation.testcases.TC_001_validateSignUPFunctionalityTest">
        <test-method status="PASS" signature="initiatedriverInstance()[pri:0, instance:org.DataDrivenAutomation.testcases.TC_001_validateSignUPFunctionalityTest@1a968a59]" name="initiatedriverInstance" is-config="true" duration-ms="8376" started-at="2019-03-05T06:22:07Z" finished-at="2019-03-05T06:22:15Z">
          <reporter-output>
          </reporter-output>
        </test-method> <!-- initiatedriverInstance -->
        <test-method status="PASS" signature="TC_001_signUpFunctionality(java.lang.String, java.lang.String)[pri:0, instance:org.DataDrivenAutomation.testcases.TC_001_validateSignUPFunctionalityTest@1a968a59]" name="TC_001_signUpFunctionality" duration-ms="1505" started-at="2019-03-05T06:22:15Z" data-provider="Excel" finished-at="2019-03-05T06:22:17Z">
          <params>
            <param index="0">
              <value>
                <![CDATA[aaaa1@testnalin.com]]>
              </value>
            </param>
            <param index="1">
              <value>
                <![CDATA[aaaa]]>
              </value>
            </param>
          </params>
          <reporter-output>
          </reporter-output>
        </test-method> <!-- TC_001_signUpFunctionality -->
        <test-method status="PASS" signature="closedriverInstance()[pri:0, instance:org.DataDrivenAutomation.testcases.TC_001_validateSignUPFunctionalityTest@1a968a59]" name="closedriverInstance" is-config="true" duration-ms="760" started-at="2019-03-05T06:22:17Z" finished-at="2019-03-05T06:22:18Z">
          <reporter-output>
          </reporter-output>
        </test-method> <!-- closedriverInstance -->
        <test-method status="PASS" signature="initiatedriverInstance()[pri:0, instance:org.DataDrivenAutomation.testcases.TC_001_validateSignUPFunctionalityTest@1a968a59]" name="initiatedriverInstance" is-config="true" duration-ms="4926" started-at="2019-03-05T06:22:18Z" finished-at="2019-03-05T06:22:22Z">
          <reporter-output>
          </reporter-output>
        </test-method> <!-- initiatedriverInstance -->
        <test-method status="PASS" signature="TC_001_signUpFunctionality(java.lang.String, java.lang.String)[pri:0, instance:org.DataDrivenAutomation.testcases.TC_001_validateSignUPFunctionalityTest@1a968a59]" name="TC_001_signUpFunctionality" duration-ms="1367" started-at="2019-03-05T06:22:22Z" data-provider="Excel" finished-at="2019-03-05T06:22:24Z">
          <params>
            <param index="0">
              <value>
                <![CDATA[aaaa2@testnalin.com]]>
              </value>
            </param>
            <param index="1">
              <value>
                <![CDATA[bbbb]]>
              </value>
            </param>
          </params>
          <reporter-output>
          </reporter-output>
        </test-method> <!-- TC_001_signUpFunctionality -->
        <test-method status="PASS" signature="closedriverInstance()[pri:0, instance:org.DataDrivenAutomation.testcases.TC_001_validateSignUPFunctionalityTest@1a968a59]" name="closedriverInstance" is-config="true" duration-ms="690" started-at="2019-03-05T06:22:24Z" finished-at="2019-03-05T06:22:25Z">
          <reporter-output>
          </reporter-output>
        </test-method> <!-- closedriverInstance -->
      </class> <!-- org.DataDrivenAutomation.testcases.TC_001_validateSignUPFunctionalityTest -->
      <class name="org.DataDrivenAutomation.testcases.TC_001_validateLoginFunctionalityTest">
        <test-method status="PASS" signature="initiatedriverInstance()[pri:0, instance:org.DataDrivenAutomation.testcases.TC_001_validateLoginFunctionalityTest@4667ae56]" name="initiatedriverInstance" is-config="true" duration-ms="4954" started-at="2019-03-05T06:22:25Z" finished-at="2019-03-05T06:22:30Z">
          <reporter-output>
          </reporter-output>
        </test-method> <!-- initiatedriverInstance -->
        <test-method status="PASS" signature="TC_001_loginFunctionality(java.lang.String, java.lang.String)[pri:0, instance:org.DataDrivenAutomation.testcases.TC_001_validateLoginFunctionalityTest@4667ae56]" name="TC_001_loginFunctionality" duration-ms="316" started-at="2019-03-05T06:22:30Z" data-provider="Excel" finished-at="2019-03-05T06:22:30Z">
          <params>
            <param index="0">
              <value>
                <![CDATA[username1]]>
              </value>
            </param>
            <param index="1">
              <value>
                <![CDATA[pass1]]>
              </value>
            </param>
          </params>
          <reporter-output>
          </reporter-output>
        </test-method> <!-- TC_001_loginFunctionality -->
        <test-method status="PASS" signature="closedriverInstance()[pri:0, instance:org.DataDrivenAutomation.testcases.TC_001_validateLoginFunctionalityTest@4667ae56]" name="closedriverInstance" is-config="true" duration-ms="689" started-at="2019-03-05T06:22:30Z" finished-at="2019-03-05T06:22:31Z">
          <reporter-output>
          </reporter-output>
        </test-method> <!-- closedriverInstance -->
        <test-method status="PASS" signature="initiatedriverInstance()[pri:0, instance:org.DataDrivenAutomation.testcases.TC_001_validateLoginFunctionalityTest@4667ae56]" name="initiatedriverInstance" is-config="true" duration-ms="5082" started-at="2019-03-05T06:22:31Z" finished-at="2019-03-05T06:22:36Z">
          <reporter-output>
          </reporter-output>
        </test-method> <!-- initiatedriverInstance -->
        <test-method status="PASS" signature="TC_001_loginFunctionality(java.lang.String, java.lang.String)[pri:0, instance:org.DataDrivenAutomation.testcases.TC_001_validateLoginFunctionalityTest@4667ae56]" name="TC_001_loginFunctionality" duration-ms="387" started-at="2019-03-05T06:22:36Z" data-provider="Excel" finished-at="2019-03-05T06:22:36Z">
          <params>
            <param index="0">
              <value>
                <![CDATA[username2]]>
              </value>
            </param>
            <param index="1">
              <value>
                <![CDATA[pass2]]>
              </value>
            </param>
          </params>
          <reporter-output>
          </reporter-output>
        </test-method> <!-- TC_001_loginFunctionality -->
        <test-method status="PASS" signature="closedriverInstance()[pri:0, instance:org.DataDrivenAutomation.testcases.TC_001_validateLoginFunctionalityTest@4667ae56]" name="closedriverInstance" is-config="true" duration-ms="659" started-at="2019-03-05T06:22:36Z" finished-at="2019-03-05T06:22:37Z">
          <reporter-output>
          </reporter-output>
        </test-method> <!-- closedriverInstance -->
        <test-method status="PASS" signature="initiatedriverInstance()[pri:0, instance:org.DataDrivenAutomation.testcases.TC_001_validateLoginFunctionalityTest@4667ae56]" name="initiatedriverInstance" is-config="true" duration-ms="4998" started-at="2019-03-05T06:22:37Z" finished-at="2019-03-05T06:22:42Z">
          <reporter-output>
          </reporter-output>
        </test-method> <!-- initiatedriverInstance -->
        <test-method status="PASS" signature="TC_001_loginFunctionality(java.lang.String, java.lang.String)[pri:0, instance:org.DataDrivenAutomation.testcases.TC_001_validateLoginFunctionalityTest@4667ae56]" name="TC_001_loginFunctionality" duration-ms="451" started-at="2019-03-05T06:22:42Z" data-provider="Excel" finished-at="2019-03-05T06:22:42Z">
          <params>
            <param index="0">
              <value>
                <![CDATA[username3]]>
              </value>
            </param>
            <param index="1">
              <value>
                <![CDATA[pass3]]>
              </value>
            </param>
          </params>
          <reporter-output>
          </reporter-output>
        </test-method> <!-- TC_001_loginFunctionality -->
        <test-method status="PASS" signature="closedriverInstance()[pri:0, instance:org.DataDrivenAutomation.testcases.TC_001_validateLoginFunctionalityTest@4667ae56]" name="closedriverInstance" is-config="true" duration-ms="684" started-at="2019-03-05T06:22:42Z" finished-at="2019-03-05T06:22:43Z">
          <reporter-output>
          </reporter-output>
        </test-method> <!-- closedriverInstance -->
        <test-method status="PASS" signature="initiatedriverInstance()[pri:0, instance:org.DataDrivenAutomation.testcases.TC_001_validateLoginFunctionalityTest@4667ae56]" name="initiatedriverInstance" is-config="true" duration-ms="5721" started-at="2019-03-05T06:22:43Z" finished-at="2019-03-05T06:22:49Z">
          <reporter-output>
          </reporter-output>
        </test-method> <!-- initiatedriverInstance -->
        <test-method status="PASS" signature="TC_001_loginFunctionality(java.lang.String, java.lang.String)[pri:0, instance:org.DataDrivenAutomation.testcases.TC_001_validateLoginFunctionalityTest@4667ae56]" name="TC_001_loginFunctionality" duration-ms="273" started-at="2019-03-05T06:22:49Z" data-provider="Excel" finished-at="2019-03-05T06:22:49Z">
          <params>
            <param index="0">
              <value>
                <![CDATA[username4]]>
              </value>
            </param>
            <param index="1">
              <value>
                <![CDATA[pass4]]>
              </value>
            </param>
          </params>
          <reporter-output>
          </reporter-output>
        </test-method> <!-- TC_001_loginFunctionality -->
        <test-method status="PASS" signature="closedriverInstance()[pri:0, instance:org.DataDrivenAutomation.testcases.TC_001_validateLoginFunctionalityTest@4667ae56]" name="closedriverInstance" is-config="true" duration-ms="707" started-at="2019-03-05T06:22:49Z" finished-at="2019-03-05T06:22:50Z">
          <reporter-output>
          </reporter-output>
        </test-method> <!-- closedriverInstance -->
      </class> <!-- org.DataDrivenAutomation.testcases.TC_001_validateLoginFunctionalityTest -->
    </test> <!-- Default test -->
  </suite> <!-- Default suite -->
</testng-results>
